<?xml version="1.0" encoding="UTF-8" ?>
<testsuite failures="0" time="0.006" errors="1" skipped="0" tests="1" name="com.softberries.eklerk.test.CategoryTest">
  <properties>
    <property name="java.runtime.name" value="Java(TM) SE Runtime Environment"/>
    <property name="sun.boot.library.path" value="/usr/lib/jvm/java-6-sun-1.6.0.26/jre/lib/i386"/>
    <property name="java.vm.version" value="20.1-b02"/>
    <property name="java.vm.vendor" value="Sun Microsystems Inc."/>
    <property name="java.vendor.url" value="http://java.sun.com/"/>
    <property name="path.separator" value=":"/>
    <property name="java.vm.name" value="Java HotSpot(TM) Server VM"/>
    <property name="file.encoding.pkg" value="sun.io"/>
    <property name="user.country" value="US"/>
    <property name="sun.java.launcher" value="SUN_STANDARD"/>
    <property name="sun.os.patch.level" value="unknown"/>
    <property name="java.vm.specification.name" value="Java Virtual Machine Specification"/>
    <property name="user.dir" value="/home/kris/git/eklerk/eklerk"/>
    <property name="java.runtime.version" value="1.6.0_26-b03"/>
    <property name="java.awt.graphicsenv" value="sun.awt.X11GraphicsEnvironment"/>
    <property name="basedir" value="/home/kris/git/eklerk/eklerk"/>
    <property name="java.endorsed.dirs" value="/usr/lib/jvm/java-6-sun-1.6.0.26/jre/lib/endorsed"/>
    <property name="os.arch" value="i386"/>
    <property name="surefire.real.class.path" value="/tmp/surefirebooter7780358072019456693.jar"/>
    <property name="java.io.tmpdir" value="/tmp"/>
    <property name="line.separator" value="
"/>
    <property name="java.vm.specification.vendor" value="Sun Microsystems Inc."/>
    <property name="os.name" value="Linux"/>
    <property name="sun.jnu.encoding" value="UTF-8"/>
    <property name="java.library.path" value="/usr/lib/jvm/java-6-sun-1.6.0.26/jre/lib/i386/server:/usr/lib/jvm/java-6-sun-1.6.0.26/jre/lib/i386:/usr/lib/jvm/java-6-sun-1.6.0.26/jre/../lib/i386:/usr/java/packages/lib/i386:/lib:/usr/lib"/>
    <property name="surefire.test.class.path" value="/home/kris/git/eklerk/eklerk/target/test-classes:/home/kris/git/eklerk/eklerk/target/classes:/home/kris/.m2/repository/org/hibernate/hibernate-jpamodelgen/1.1.1.Final/hibernate-jpamodelgen-1.1.1.Final.jar:/home/kris/.m2/repository/org/jboss/seam/solder/seam-solder/3.0.0.Final/seam-solder-3.0.0.Final.jar:/home/kris/.m2/repository/org/hibernate/hibernate-validator/4.1.0.Final/hibernate-validator-4.1.0.Final.jar:/home/kris/.m2/repository/javax/validation/validation-api/1.0.0.GA/validation-api-1.0.0.GA.jar:/home/kris/.m2/repository/junit/junit/4.8.1/junit-4.8.1.jar:/home/kris/.m2/repository/org/jboss/spec/javax/annotation/jboss-annotations-api_1.1_spec/1.0.0.Final/jboss-annotations-api_1.1_spec-1.0.0.Final.jar:/home/kris/.m2/repository/org/jboss/spec/javax/resource/jboss-connector-api_1.6_spec/1.0.0.Final/jboss-connector-api_1.6_spec-1.0.0.Final.jar:/home/kris/.m2/repository/org/jboss/spec/javax/ejb/jboss-ejb-api_3.1_spec/1.0.1.Final/jboss-ejb-api_3.1_spec-1.0.1.Final.jar:/home/kris/.m2/repository/org/jboss/spec/javax/el/jboss-el-api_2.2_spec/1.0.0.Final/jboss-el-api_2.2_spec-1.0.0.Final.jar:/home/kris/.m2/repository/org/jboss/spec/javax/faces/jboss-jsf-api_2.0_spec/1.0.0.Final/jboss-jsf-api_2.0_spec-1.0.0.Final.jar:/home/kris/.m2/repository/org/jboss/spec/javax/interceptor/jboss-interceptors-api_1.1_spec/1.0.0.Final/jboss-interceptors-api_1.1_spec-1.0.0.Final.jar:/home/kris/.m2/repository/org/jboss/spec/javax/security/auth/message/jboss-jaspi-api_1.0_spec/1.0.0.Final/jboss-jaspi-api_1.0_spec-1.0.0.Final.jar:/home/kris/.m2/repository/org/jboss/spec/javax/servlet/jsp/jboss-jsp-api_2.2_spec/1.0.0.Final/jboss-jsp-api_2.2_spec-1.0.0.Final.jar:/home/kris/.m2/repository/org/jboss/spec/javax/servlet/jboss-servlet-api_3.0_spec/1.0.0.Final/jboss-servlet-api_3.0_spec-1.0.0.Final.jar:/home/kris/.m2/repository/org/jboss/spec/javax/servlet/jstl/jboss-jstl-api_1.2_spec/1.0.1.Final/jboss-jstl-api_1.2_spec-1.0.1.Final.jar:/home/kris/.m2/repository/org/apache/xalan/xalan/2.7.1-1.jbossorg/xalan-2.7.1-1.jbossorg.jar:/home/kris/.m2/repository/org/jboss/spec/javax/transaction/jboss-transaction-api_1.1_spec/1.0.0.Final/jboss-transaction-api_1.1_spec-1.0.0.Final.jar:/home/kris/.m2/repository/org/jboss/spec/javax/ws/rs/jboss-jaxrs-api_1.1_spec/1.0.0.Final/jboss-jaxrs-api_1.1_spec-1.0.0.Final.jar:/home/kris/.m2/repository/org/jboss/spec/javax/xml/bind/jboss-jaxb-api_2.2_spec/1.0.2.Final/jboss-jaxb-api_2.2_spec-1.0.2.Final.jar:/home/kris/.m2/repository/javax/enterprise/cdi-api/1.0-SP4/cdi-api-1.0-SP4.jar:/home/kris/.m2/repository/javax/inject/javax.inject/1/javax.inject-1.jar:/home/kris/.m2/repository/org/hibernate/javax/persistence/hibernate-jpa-2.0-api/1.0.1.Final/hibernate-jpa-2.0-api-1.0.1.Final.jar:/home/kris/.m2/repository/org/jboss/arquillian/junit/arquillian-junit-container/1.0.0.CR1/arquillian-junit-container-1.0.0.CR1.jar:/home/kris/.m2/repository/org/jboss/arquillian/junit/arquillian-junit-core/1.0.0.CR1/arquillian-junit-core-1.0.0.CR1.jar:/home/kris/.m2/repository/org/jboss/arquillian/test/arquillian-test-spi/1.0.0.CR1/arquillian-test-spi-1.0.0.CR1.jar:/home/kris/.m2/repository/org/jboss/arquillian/core/arquillian-core-spi/1.0.0.CR1/arquillian-core-spi-1.0.0.CR1.jar:/home/kris/.m2/repository/org/jboss/arquillian/core/arquillian-core-api/1.0.0.CR1/arquillian-core-api-1.0.0.CR1.jar:/home/kris/.m2/repository/org/jboss/shrinkwrap/shrinkwrap-api/1.0.0-beta-3/shrinkwrap-api-1.0.0-beta-3.jar:/home/kris/.m2/repository/org/jboss/arquillian/test/arquillian-test-api/1.0.0.CR1/arquillian-test-api-1.0.0.CR1.jar:/home/kris/.m2/repository/org/jboss/arquillian/container/arquillian-container-test-api/1.0.0.CR1/arquillian-container-test-api-1.0.0.CR1.jar:/home/kris/.m2/repository/org/jboss/arquillian/container/arquillian-container-test-spi/1.0.0.CR1/arquillian-container-test-spi-1.0.0.CR1.jar:/home/kris/.m2/repository/org/jboss/arquillian/container/arquillian-container-spi/1.0.0.CR1/arquillian-container-spi-1.0.0.CR1.jar:/home/kris/.m2/repository/org/jboss/arquillian/config/arquillian-config-api/1.0.0.CR1/arquillian-config-api-1.0.0.CR1.jar:/home/kris/.m2/repository/org/jboss/shrinkwrap/descriptors/shrinkwrap-descriptors-api/1.0.0-beta-1/shrinkwrap-descriptors-api-1.0.0-beta-1.jar:/home/kris/.m2/repository/org/jboss/arquillian/config/arquillian-config-impl-base/1.0.0.CR1/arquillian-config-impl-base-1.0.0.CR1.jar:/home/kris/.m2/repository/org/jboss/shrinkwrap/descriptors/shrinkwrap-descriptors-impl/1.0.0-beta-1/shrinkwrap-descriptors-impl-1.0.0-beta-1.jar:/home/kris/.m2/repository/org/jboss/arquillian/core/arquillian-core-impl-base/1.0.0.CR1/arquillian-core-impl-base-1.0.0.CR1.jar:/home/kris/.m2/repository/org/jboss/arquillian/test/arquillian-test-impl-base/1.0.0.CR1/arquillian-test-impl-base-1.0.0.CR1.jar:/home/kris/.m2/repository/org/jboss/arquillian/container/arquillian-container-impl-base/1.0.0.CR1/arquillian-container-impl-base-1.0.0.CR1.jar:/home/kris/.m2/repository/org/jboss/shrinkwrap/resolver/shrinkwrap-resolver-api/1.0.0-beta-3/shrinkwrap-resolver-api-1.0.0-beta-3.jar:/home/kris/.m2/repository/org/jboss/shrinkwrap/resolver/shrinkwrap-resolver-api-maven/1.0.0-beta-3/shrinkwrap-resolver-api-maven-1.0.0-beta-3.jar:/home/kris/.m2/repository/org/jboss/shrinkwrap/resolver/shrinkwrap-resolver-impl-maven/1.0.0-beta-3/shrinkwrap-resolver-impl-maven-1.0.0-beta-3.jar:/home/kris/.m2/repository/org/sonatype/aether/aether-api/1.8/aether-api-1.8.jar:/home/kris/.m2/repository/org/sonatype/aether/aether-util/1.8/aether-util-1.8.jar:/home/kris/.m2/repository/org/sonatype/aether/aether-connector-wagon/1.8/aether-connector-wagon-1.8.jar:/home/kris/.m2/repository/org/sonatype/aether/aether-spi/1.8/aether-spi-1.8.jar:/home/kris/.m2/repository/org/apache/maven/wagon/wagon-provider-api/1.0-beta-7/wagon-provider-api-1.0-beta-7.jar:/home/kris/.m2/repository/org/codehaus/plexus/plexus-utils/2.0.4/plexus-utils-2.0.4.jar:/home/kris/.m2/repository/org/codehaus/plexus/plexus-container-default/1.5.5/plexus-container-default-1.5.5.jar:/home/kris/.m2/repository/org/codehaus/plexus/plexus-classworlds/2.2.2/plexus-classworlds-2.2.2.jar:/home/kris/.m2/repository/org/apache/xbean/xbean-reflect/3.4/xbean-reflect-3.4.jar:/home/kris/.m2/repository/log4j/log4j/1.2.12/log4j-1.2.12.jar:/home/kris/.m2/repository/commons-logging/commons-logging-api/1.1/commons-logging-api-1.1.jar:/home/kris/.m2/repository/com/google/collections/google-collections/1.0/google-collections-1.0.jar:/home/kris/.m2/repository/org/apache/maven/maven-aether-provider/3.0.1/maven-aether-provider-3.0.1.jar:/home/kris/.m2/repository/org/apache/maven/maven-model/3.0.1/maven-model-3.0.1.jar:/home/kris/.m2/repository/org/apache/maven/maven-model-builder/3.0.1/maven-model-builder-3.0.1.jar:/home/kris/.m2/repository/org/codehaus/plexus/plexus-interpolation/1.14/plexus-interpolation-1.14.jar:/home/kris/.m2/repository/org/codehaus/plexus/plexus-component-annotations/1.5.5/plexus-component-annotations-1.5.5.jar:/home/kris/.m2/repository/org/apache/maven/maven-repository-metadata/3.0.1/maven-repository-metadata-3.0.1.jar:/home/kris/.m2/repository/org/sonatype/aether/aether-impl/1.8/aether-impl-1.8.jar:/home/kris/.m2/repository/org/apache/maven/maven-settings-builder/3.0.1/maven-settings-builder-3.0.1.jar:/home/kris/.m2/repository/org/apache/maven/maven-settings/3.0.1/maven-settings-3.0.1.jar:/home/kris/.m2/repository/org/sonatype/plexus/plexus-sec-dispatcher/1.3/plexus-sec-dispatcher-1.3.jar:/home/kris/.m2/repository/org/sonatype/plexus/plexus-cipher/1.4/plexus-cipher-1.4.jar:/home/kris/.m2/repository/org/apache/maven/wagon/wagon-file/1.0-beta-7/wagon-file-1.0-beta-7.jar:/home/kris/.m2/repository/org/apache/maven/wagon/wagon-http-lightweight/1.0-beta-7/wagon-http-lightweight-1.0-beta-7.jar:/home/kris/.m2/repository/org/apache/maven/wagon/wagon-http-shared/1.0-beta-7/wagon-http-shared-1.0-beta-7.jar:/home/kris/.m2/repository/commons-logging/commons-logging/1.1.1/commons-logging-1.1.1.jar:/home/kris/.m2/repository/org/jboss/arquillian/container/arquillian-container-test-impl-base/1.0.0.CR1/arquillian-container-test-impl-base-1.0.0.CR1.jar:/home/kris/.m2/repository/org/jboss/shrinkwrap/shrinkwrap-impl-base/1.0.0-beta-3/shrinkwrap-impl-base-1.0.0-beta-3.jar:/home/kris/.m2/repository/org/jboss/shrinkwrap/shrinkwrap-spi/1.0.0-beta-3/shrinkwrap-spi-1.0.0-beta-3.jar:/home/kris/.m2/repository/org/primefaces/primefaces/3.0.RC1/primefaces-3.0.RC1.jar:/home/kris/.m2/repository/org/jboss/as/jboss-as-arquillian-container-remote/7.0.0.CR1/jboss-as-arquillian-container-remote-7.0.0.CR1.jar:/home/kris/.m2/repository/org/jboss/as/jboss-as-arquillian-common/7.0.0.CR1/jboss-as-arquillian-common-7.0.0.CR1.jar:/home/kris/.m2/repository/org/jboss/arquillian/container/arquillian-container-osgi/1.0.0.CR1/arquillian-container-osgi-1.0.0.CR1.jar:/home/kris/.m2/repository/org/jboss/osgi/spi/jbosgi-spi/1.0.27/jbosgi-spi-1.0.27.jar:/home/kris/.m2/repository/org/jboss/logging/jboss-logging/3.0.0.Beta5/jboss-logging-3.0.0.Beta5.jar:/home/kris/.m2/repository/org/jboss/osgi/vfs/jbosgi-vfs/1.0.5/jbosgi-vfs-1.0.5.jar:/home/kris/.m2/repository/org/jboss/arquillian/testenricher/arquillian-testenricher-cdi/1.0.0.CR1/arquillian-testenricher-cdi-1.0.0.CR1.jar:/home/kris/.m2/repository/org/jboss/arquillian/testenricher/arquillian-testenricher-ejb/1.0.0.CR1/arquillian-testenricher-ejb-1.0.0.CR1.jar:/home/kris/.m2/repository/org/jboss/arquillian/testenricher/arquillian-testenricher-initialcontext/1.0.0.CR1/arquillian-testenricher-initialcontext-1.0.0.CR1.jar:/home/kris/.m2/repository/org/jboss/arquillian/testenricher/arquillian-testenricher-osgi/1.0.0.CR1/arquillian-testenricher-osgi-1.0.0.CR1.jar:/home/kris/.m2/repository/org/jboss/arquillian/testenricher/arquillian-testenricher-resource/1.0.0.CR1/arquillian-testenricher-resource-1.0.0.CR1.jar:/home/kris/.m2/repository/org/jboss/as/jboss-as-arquillian-testenricher-msc/7.0.0.CR1/jboss-as-arquillian-testenricher-msc-7.0.0.CR1.jar:/home/kris/.m2/repository/org/jboss/msc/jboss-msc/1.0.0.CR2/jboss-msc-1.0.0.CR2.jar:/home/kris/.m2/repository/org/jboss/as/jboss-as-build-config/7.0.0.CR1/jboss-as-build-config-7.0.0.CR1.jar:/home/kris/.m2/repository/org/jboss/as/jboss-as-controller-client/7.0.0.CR1/jboss-as-controller-client-7.0.0.CR1.jar:/home/kris/.m2/repository/org/jboss/as/jboss-as-protocol/7.0.0.CR1/jboss-as-protocol-7.0.0.CR1.jar:/home/kris/.m2/repository/org/jboss/logmanager/jboss-logmanager/1.2.0.CR7/jboss-logmanager-1.2.0.CR7.jar:/home/kris/.m2/repository/org/jboss/marshalling/jboss-marshalling/1.3.0.CR8/jboss-marshalling-1.3.0.CR8.jar:/home/kris/.m2/repository/org/jboss/remoting3/jboss-remoting/3.2.0.Beta2/jboss-remoting-3.2.0.Beta2.jar:/home/kris/.m2/repository/org/jboss/xnio/xnio-api/3.0.0.Beta2/xnio-api-3.0.0.Beta2.jar:/home/kris/.m2/repository/org/jboss/sasl/jboss-sasl/1.0.0.Beta1/jboss-sasl-1.0.0.Beta1.jar:/home/kris/.m2/repository/org/jboss/threads/jboss-threads/2.0.0.CR8/jboss-threads-2.0.0.CR8.jar:/home/kris/.m2/repository/org/jboss/xnio/xnio-nio/3.0.0.Beta3/xnio-nio-3.0.0.Beta3.jar:/home/kris/.m2/repository/org/jboss/jboss-dmr/1.0.0.Beta6/jboss-dmr-1.0.0.Beta6.jar:/home/kris/.m2/repository/org/jboss/as/jboss-as-jmx/7.0.0.CR1/jboss-as-jmx-7.0.0.CR1.jar:/home/kris/.m2/repository/org/jboss/jboss-common-core/2.2.17.GA/jboss-common-core-2.2.17.GA.jar:/home/kris/.m2/repository/org/jboss/as/jboss-as-server/7.0.0.CR1/jboss-as-server-7.0.0.CR1.jar:/home/kris/.m2/repository/org/jboss/as/jboss-as-controller/7.0.0.CR1/jboss-as-controller-7.0.0.CR1.jar:/home/kris/.m2/repository/org/jboss/modules/jboss-modules/1.0.0.CR4/jboss-modules-1.0.0.CR4.jar:/home/kris/.m2/repository/org/jboss/staxmapper/1.0.0.Beta4/staxmapper-1.0.0.Beta4.jar:/home/kris/.m2/repository/org/jboss/as/jboss-as-domain-http-api/7.0.0.CR1/jboss-as-domain-http-api-7.0.0.CR1.jar:/home/kris/.m2/repository/org/jboss/as/jboss-as-domain-management/7.0.0.CR1/jboss-as-domain-management-7.0.0.CR1.jar:/home/kris/.m2/repository/org/jboss/com/sun/httpserver/httpserver/1.0.0.Beta1/httpserver-1.0.0.Beta1.jar:/home/kris/.m2/repository/org/jboss/as/jboss-as-console/1.0.0.Beta13/jboss-as-console-1.0.0.Beta13-resources.jar:/home/kris/.m2/repository/com/google/code/gwt-log/gwt-log/3.1.0/gwt-log-3.1.0.jar:/home/kris/.m2/repository/com/mycila/com/google/inject/extensions/guice-assisted-inject/3.0-20100927/guice-assisted-inject-3.0-20100927.jar:/home/kris/.m2/repository/com/mycila/com/google/inject/guice/3.0-20100927/guice-3.0-20100927.jar:/home/kris/.m2/repository/aopalliance/aopalliance/1.0/aopalliance-1.0.jar:/home/kris/.m2/repository/org/jboss/as/jboss-as-deployment-repository/7.0.0.CR1/jboss-as-deployment-repository-7.0.0.CR1.jar:/home/kris/.m2/repository/org/jboss/jboss-vfs/3.0.1.GA/jboss-vfs-3.0.1.GA.jar:/home/kris/.m2/repository/org/jboss/as/jboss-as-embedded/7.0.0.CR1/jboss-as-embedded-7.0.0.CR1.jar:/home/kris/.m2/repository/org/jboss/jandex/1.0.0.Beta7/jandex-1.0.0.Beta7.jar:/home/kris/.m2/repository/org/jboss/as/jboss-as-process-controller/7.0.0.CR1/jboss-as-process-controller-7.0.0.CR1.jar:/usr/lib/jvm/java-6-sun-1.6.0.26/jre/../lib/tools.jar:/home/kris/.m2/repository/org/jboss/as/jboss-as-remoting/7.0.0.CR1/jboss-as-remoting-7.0.0.CR1.jar:/home/kris/.m2/repository/org/jboss/as/jboss-as-network/7.0.0.CR1/jboss-as-network-7.0.0.CR1.jar:/home/kris/.m2/repository/org/jboss/as/jboss-as-threads/7.0.0.CR1/jboss-as-threads-7.0.0.CR1.jar:/home/kris/.m2/repository/org/jboss/invocation/jboss-invocation/1.0.0.Beta6/jboss-invocation-1.0.0.Beta6.jar:/home/kris/.m2/repository/org/jboss/logmanager/jboss-logmanager-log4j/1.0.0.CR3/jboss-logmanager-log4j-1.0.0.CR3.jar:/home/kris/.m2/repository/org/jboss/stdio/jboss-stdio/1.0.0.CR3/jboss-stdio-1.0.0.CR3.jar:/home/kris/.m2/repository/org/osgi/org.osgi.core/4.2.0/org.osgi.core-4.2.0.jar:/home/kris/.m2/repository/org/jboss/as/jboss-as-arquillian-protocol-jmx/7.0.0.CR1/jboss-as-arquillian-protocol-jmx-7.0.0.CR1.jar:/home/kris/.m2/repository/org/jboss/as/jboss-as-osgi-service/7.0.0.CR1/jboss-as-osgi-service-7.0.0.CR1.jar:/home/kris/.m2/repository/org/jboss/osgi/deployment/jbosgi-deployment/1.0.10/jbosgi-deployment-1.0.10.jar:/home/kris/.m2/repository/org/jboss/osgi/framework/jbosgi-framework-core/1.0.0.CR6/jbosgi-framework-core-1.0.0.CR6.jar:/home/kris/.m2/repository/org/jboss/osgi/resolver/jbosgi-resolver-felix/1.0.9/jbosgi-resolver-felix-1.0.9.jar:/home/kris/.m2/repository/org/jboss/osgi/resolver/jbosgi-resolver-api/1.0.9/jbosgi-resolver-api-1.0.9.jar:/home/kris/.m2/repository/org/jboss/osgi/resolver/jbosgi-resolver-metadata/1.0.9/jbosgi-resolver-metadata-1.0.9.jar:/home/kris/.m2/repository/org/jboss/osgi/resolver/jbosgi-resolver-spi/1.0.9/jbosgi-resolver-spi-1.0.9.jar:/home/kris/.m2/repository/org/jboss/osgi/vfs/jbosgi-vfs30/1.0.6/jbosgi-vfs30-1.0.6.jar:/home/kris/.m2/repository/org/osgi/org.osgi.compendium/4.2.0/org.osgi.compendium-4.2.0.jar:/home/kris/.m2/repository/org/jboss/arquillian/protocol/arquillian-protocol-jmx/1.0.0.CR1/arquillian-protocol-jmx-1.0.0.CR1.jar:/home/kris/.m2/repository/org/jboss/marshalling/jboss-marshalling-river/1.3.0.CR8/jboss-marshalling-river-1.3.0.CR8.jar:"/>
    <property name="java.specification.name" value="Java Platform API Specification"/>
    <property name="java.class.version" value="50.0"/>
    <property name="sun.management.compiler" value="HotSpot Tiered Compilers"/>
    <property name="os.version" value="3.0.0-14-generic-pae"/>
    <property name="user.home" value="/home/kris"/>
    <property name="user.timezone" value="Europe/Warsaw"/>
    <property name="java.awt.printerjob" value="sun.print.PSPrinterJob"/>
    <property name="file.encoding" value="UTF-8"/>
    <property name="java.specification.version" value="1.6"/>
    <property name="user.name" value="kris"/>
    <property name="java.class.path" value="/home/kris/git/eklerk/eklerk/target/test-classes:/home/kris/git/eklerk/eklerk/target/classes:/home/kris/.m2/repository/org/hibernate/hibernate-jpamodelgen/1.1.1.Final/hibernate-jpamodelgen-1.1.1.Final.jar:/home/kris/.m2/repository/org/jboss/seam/solder/seam-solder/3.0.0.Final/seam-solder-3.0.0.Final.jar:/home/kris/.m2/repository/org/hibernate/hibernate-validator/4.1.0.Final/hibernate-validator-4.1.0.Final.jar:/home/kris/.m2/repository/javax/validation/validation-api/1.0.0.GA/validation-api-1.0.0.GA.jar:/home/kris/.m2/repository/junit/junit/4.8.1/junit-4.8.1.jar:/home/kris/.m2/repository/org/jboss/spec/javax/annotation/jboss-annotations-api_1.1_spec/1.0.0.Final/jboss-annotations-api_1.1_spec-1.0.0.Final.jar:/home/kris/.m2/repository/org/jboss/spec/javax/resource/jboss-connector-api_1.6_spec/1.0.0.Final/jboss-connector-api_1.6_spec-1.0.0.Final.jar:/home/kris/.m2/repository/org/jboss/spec/javax/ejb/jboss-ejb-api_3.1_spec/1.0.1.Final/jboss-ejb-api_3.1_spec-1.0.1.Final.jar:/home/kris/.m2/repository/org/jboss/spec/javax/el/jboss-el-api_2.2_spec/1.0.0.Final/jboss-el-api_2.2_spec-1.0.0.Final.jar:/home/kris/.m2/repository/org/jboss/spec/javax/faces/jboss-jsf-api_2.0_spec/1.0.0.Final/jboss-jsf-api_2.0_spec-1.0.0.Final.jar:/home/kris/.m2/repository/org/jboss/spec/javax/interceptor/jboss-interceptors-api_1.1_spec/1.0.0.Final/jboss-interceptors-api_1.1_spec-1.0.0.Final.jar:/home/kris/.m2/repository/org/jboss/spec/javax/security/auth/message/jboss-jaspi-api_1.0_spec/1.0.0.Final/jboss-jaspi-api_1.0_spec-1.0.0.Final.jar:/home/kris/.m2/repository/org/jboss/spec/javax/servlet/jsp/jboss-jsp-api_2.2_spec/1.0.0.Final/jboss-jsp-api_2.2_spec-1.0.0.Final.jar:/home/kris/.m2/repository/org/jboss/spec/javax/servlet/jboss-servlet-api_3.0_spec/1.0.0.Final/jboss-servlet-api_3.0_spec-1.0.0.Final.jar:/home/kris/.m2/repository/org/jboss/spec/javax/servlet/jstl/jboss-jstl-api_1.2_spec/1.0.1.Final/jboss-jstl-api_1.2_spec-1.0.1.Final.jar:/home/kris/.m2/repository/org/apache/xalan/xalan/2.7.1-1.jbossorg/xalan-2.7.1-1.jbossorg.jar:/home/kris/.m2/repository/org/jboss/spec/javax/transaction/jboss-transaction-api_1.1_spec/1.0.0.Final/jboss-transaction-api_1.1_spec-1.0.0.Final.jar:/home/kris/.m2/repository/org/jboss/spec/javax/ws/rs/jboss-jaxrs-api_1.1_spec/1.0.0.Final/jboss-jaxrs-api_1.1_spec-1.0.0.Final.jar:/home/kris/.m2/repository/org/jboss/spec/javax/xml/bind/jboss-jaxb-api_2.2_spec/1.0.2.Final/jboss-jaxb-api_2.2_spec-1.0.2.Final.jar:/home/kris/.m2/repository/javax/enterprise/cdi-api/1.0-SP4/cdi-api-1.0-SP4.jar:/home/kris/.m2/repository/javax/inject/javax.inject/1/javax.inject-1.jar:/home/kris/.m2/repository/org/hibernate/javax/persistence/hibernate-jpa-2.0-api/1.0.1.Final/hibernate-jpa-2.0-api-1.0.1.Final.jar:/home/kris/.m2/repository/org/jboss/arquillian/junit/arquillian-junit-container/1.0.0.CR1/arquillian-junit-container-1.0.0.CR1.jar:/home/kris/.m2/repository/org/jboss/arquillian/junit/arquillian-junit-core/1.0.0.CR1/arquillian-junit-core-1.0.0.CR1.jar:/home/kris/.m2/repository/org/jboss/arquillian/test/arquillian-test-spi/1.0.0.CR1/arquillian-test-spi-1.0.0.CR1.jar:/home/kris/.m2/repository/org/jboss/arquillian/core/arquillian-core-spi/1.0.0.CR1/arquillian-core-spi-1.0.0.CR1.jar:/home/kris/.m2/repository/org/jboss/arquillian/core/arquillian-core-api/1.0.0.CR1/arquillian-core-api-1.0.0.CR1.jar:/home/kris/.m2/repository/org/jboss/shrinkwrap/shrinkwrap-api/1.0.0-beta-3/shrinkwrap-api-1.0.0-beta-3.jar:/home/kris/.m2/repository/org/jboss/arquillian/test/arquillian-test-api/1.0.0.CR1/arquillian-test-api-1.0.0.CR1.jar:/home/kris/.m2/repository/org/jboss/arquillian/container/arquillian-container-test-api/1.0.0.CR1/arquillian-container-test-api-1.0.0.CR1.jar:/home/kris/.m2/repository/org/jboss/arquillian/container/arquillian-container-test-spi/1.0.0.CR1/arquillian-container-test-spi-1.0.0.CR1.jar:/home/kris/.m2/repository/org/jboss/arquillian/container/arquillian-container-spi/1.0.0.CR1/arquillian-container-spi-1.0.0.CR1.jar:/home/kris/.m2/repository/org/jboss/arquillian/config/arquillian-config-api/1.0.0.CR1/arquillian-config-api-1.0.0.CR1.jar:/home/kris/.m2/repository/org/jboss/shrinkwrap/descriptors/shrinkwrap-descriptors-api/1.0.0-beta-1/shrinkwrap-descriptors-api-1.0.0-beta-1.jar:/home/kris/.m2/repository/org/jboss/arquillian/config/arquillian-config-impl-base/1.0.0.CR1/arquillian-config-impl-base-1.0.0.CR1.jar:/home/kris/.m2/repository/org/jboss/shrinkwrap/descriptors/shrinkwrap-descriptors-impl/1.0.0-beta-1/shrinkwrap-descriptors-impl-1.0.0-beta-1.jar:/home/kris/.m2/repository/org/jboss/arquillian/core/arquillian-core-impl-base/1.0.0.CR1/arquillian-core-impl-base-1.0.0.CR1.jar:/home/kris/.m2/repository/org/jboss/arquillian/test/arquillian-test-impl-base/1.0.0.CR1/arquillian-test-impl-base-1.0.0.CR1.jar:/home/kris/.m2/repository/org/jboss/arquillian/container/arquillian-container-impl-base/1.0.0.CR1/arquillian-container-impl-base-1.0.0.CR1.jar:/home/kris/.m2/repository/org/jboss/shrinkwrap/resolver/shrinkwrap-resolver-api/1.0.0-beta-3/shrinkwrap-resolver-api-1.0.0-beta-3.jar:/home/kris/.m2/repository/org/jboss/shrinkwrap/resolver/shrinkwrap-resolver-api-maven/1.0.0-beta-3/shrinkwrap-resolver-api-maven-1.0.0-beta-3.jar:/home/kris/.m2/repository/org/jboss/shrinkwrap/resolver/shrinkwrap-resolver-impl-maven/1.0.0-beta-3/shrinkwrap-resolver-impl-maven-1.0.0-beta-3.jar:/home/kris/.m2/repository/org/sonatype/aether/aether-api/1.8/aether-api-1.8.jar:/home/kris/.m2/repository/org/sonatype/aether/aether-util/1.8/aether-util-1.8.jar:/home/kris/.m2/repository/org/sonatype/aether/aether-connector-wagon/1.8/aether-connector-wagon-1.8.jar:/home/kris/.m2/repository/org/sonatype/aether/aether-spi/1.8/aether-spi-1.8.jar:/home/kris/.m2/repository/org/apache/maven/wagon/wagon-provider-api/1.0-beta-7/wagon-provider-api-1.0-beta-7.jar:/home/kris/.m2/repository/org/codehaus/plexus/plexus-utils/2.0.4/plexus-utils-2.0.4.jar:/home/kris/.m2/repository/org/codehaus/plexus/plexus-container-default/1.5.5/plexus-container-default-1.5.5.jar:/home/kris/.m2/repository/org/codehaus/plexus/plexus-classworlds/2.2.2/plexus-classworlds-2.2.2.jar:/home/kris/.m2/repository/org/apache/xbean/xbean-reflect/3.4/xbean-reflect-3.4.jar:/home/kris/.m2/repository/log4j/log4j/1.2.12/log4j-1.2.12.jar:/home/kris/.m2/repository/commons-logging/commons-logging-api/1.1/commons-logging-api-1.1.jar:/home/kris/.m2/repository/com/google/collections/google-collections/1.0/google-collections-1.0.jar:/home/kris/.m2/repository/org/apache/maven/maven-aether-provider/3.0.1/maven-aether-provider-3.0.1.jar:/home/kris/.m2/repository/org/apache/maven/maven-model/3.0.1/maven-model-3.0.1.jar:/home/kris/.m2/repository/org/apache/maven/maven-model-builder/3.0.1/maven-model-builder-3.0.1.jar:/home/kris/.m2/repository/org/codehaus/plexus/plexus-interpolation/1.14/plexus-interpolation-1.14.jar:/home/kris/.m2/repository/org/codehaus/plexus/plexus-component-annotations/1.5.5/plexus-component-annotations-1.5.5.jar:/home/kris/.m2/repository/org/apache/maven/maven-repository-metadata/3.0.1/maven-repository-metadata-3.0.1.jar:/home/kris/.m2/repository/org/sonatype/aether/aether-impl/1.8/aether-impl-1.8.jar:/home/kris/.m2/repository/org/apache/maven/maven-settings-builder/3.0.1/maven-settings-builder-3.0.1.jar:/home/kris/.m2/repository/org/apache/maven/maven-settings/3.0.1/maven-settings-3.0.1.jar:/home/kris/.m2/repository/org/sonatype/plexus/plexus-sec-dispatcher/1.3/plexus-sec-dispatcher-1.3.jar:/home/kris/.m2/repository/org/sonatype/plexus/plexus-cipher/1.4/plexus-cipher-1.4.jar:/home/kris/.m2/repository/org/apache/maven/wagon/wagon-file/1.0-beta-7/wagon-file-1.0-beta-7.jar:/home/kris/.m2/repository/org/apache/maven/wagon/wagon-http-lightweight/1.0-beta-7/wagon-http-lightweight-1.0-beta-7.jar:/home/kris/.m2/repository/org/apache/maven/wagon/wagon-http-shared/1.0-beta-7/wagon-http-shared-1.0-beta-7.jar:/home/kris/.m2/repository/commons-logging/commons-logging/1.1.1/commons-logging-1.1.1.jar:/home/kris/.m2/repository/org/jboss/arquillian/container/arquillian-container-test-impl-base/1.0.0.CR1/arquillian-container-test-impl-base-1.0.0.CR1.jar:/home/kris/.m2/repository/org/jboss/shrinkwrap/shrinkwrap-impl-base/1.0.0-beta-3/shrinkwrap-impl-base-1.0.0-beta-3.jar:/home/kris/.m2/repository/org/jboss/shrinkwrap/shrinkwrap-spi/1.0.0-beta-3/shrinkwrap-spi-1.0.0-beta-3.jar:/home/kris/.m2/repository/org/primefaces/primefaces/3.0.RC1/primefaces-3.0.RC1.jar:/home/kris/.m2/repository/org/jboss/as/jboss-as-arquillian-container-remote/7.0.0.CR1/jboss-as-arquillian-container-remote-7.0.0.CR1.jar:/home/kris/.m2/repository/org/jboss/as/jboss-as-arquillian-common/7.0.0.CR1/jboss-as-arquillian-common-7.0.0.CR1.jar:/home/kris/.m2/repository/org/jboss/arquillian/container/arquillian-container-osgi/1.0.0.CR1/arquillian-container-osgi-1.0.0.CR1.jar:/home/kris/.m2/repository/org/jboss/osgi/spi/jbosgi-spi/1.0.27/jbosgi-spi-1.0.27.jar:/home/kris/.m2/repository/org/jboss/logging/jboss-logging/3.0.0.Beta5/jboss-logging-3.0.0.Beta5.jar:/home/kris/.m2/repository/org/jboss/osgi/vfs/jbosgi-vfs/1.0.5/jbosgi-vfs-1.0.5.jar:/home/kris/.m2/repository/org/jboss/arquillian/testenricher/arquillian-testenricher-cdi/1.0.0.CR1/arquillian-testenricher-cdi-1.0.0.CR1.jar:/home/kris/.m2/repository/org/jboss/arquillian/testenricher/arquillian-testenricher-ejb/1.0.0.CR1/arquillian-testenricher-ejb-1.0.0.CR1.jar:/home/kris/.m2/repository/org/jboss/arquillian/testenricher/arquillian-testenricher-initialcontext/1.0.0.CR1/arquillian-testenricher-initialcontext-1.0.0.CR1.jar:/home/kris/.m2/repository/org/jboss/arquillian/testenricher/arquillian-testenricher-osgi/1.0.0.CR1/arquillian-testenricher-osgi-1.0.0.CR1.jar:/home/kris/.m2/repository/org/jboss/arquillian/testenricher/arquillian-testenricher-resource/1.0.0.CR1/arquillian-testenricher-resource-1.0.0.CR1.jar:/home/kris/.m2/repository/org/jboss/as/jboss-as-arquillian-testenricher-msc/7.0.0.CR1/jboss-as-arquillian-testenricher-msc-7.0.0.CR1.jar:/home/kris/.m2/repository/org/jboss/msc/jboss-msc/1.0.0.CR2/jboss-msc-1.0.0.CR2.jar:/home/kris/.m2/repository/org/jboss/as/jboss-as-build-config/7.0.0.CR1/jboss-as-build-config-7.0.0.CR1.jar:/home/kris/.m2/repository/org/jboss/as/jboss-as-controller-client/7.0.0.CR1/jboss-as-controller-client-7.0.0.CR1.jar:/home/kris/.m2/repository/org/jboss/as/jboss-as-protocol/7.0.0.CR1/jboss-as-protocol-7.0.0.CR1.jar:/home/kris/.m2/repository/org/jboss/logmanager/jboss-logmanager/1.2.0.CR7/jboss-logmanager-1.2.0.CR7.jar:/home/kris/.m2/repository/org/jboss/marshalling/jboss-marshalling/1.3.0.CR8/jboss-marshalling-1.3.0.CR8.jar:/home/kris/.m2/repository/org/jboss/remoting3/jboss-remoting/3.2.0.Beta2/jboss-remoting-3.2.0.Beta2.jar:/home/kris/.m2/repository/org/jboss/xnio/xnio-api/3.0.0.Beta2/xnio-api-3.0.0.Beta2.jar:/home/kris/.m2/repository/org/jboss/sasl/jboss-sasl/1.0.0.Beta1/jboss-sasl-1.0.0.Beta1.jar:/home/kris/.m2/repository/org/jboss/threads/jboss-threads/2.0.0.CR8/jboss-threads-2.0.0.CR8.jar:/home/kris/.m2/repository/org/jboss/xnio/xnio-nio/3.0.0.Beta3/xnio-nio-3.0.0.Beta3.jar:/home/kris/.m2/repository/org/jboss/jboss-dmr/1.0.0.Beta6/jboss-dmr-1.0.0.Beta6.jar:/home/kris/.m2/repository/org/jboss/as/jboss-as-jmx/7.0.0.CR1/jboss-as-jmx-7.0.0.CR1.jar:/home/kris/.m2/repository/org/jboss/jboss-common-core/2.2.17.GA/jboss-common-core-2.2.17.GA.jar:/home/kris/.m2/repository/org/jboss/as/jboss-as-server/7.0.0.CR1/jboss-as-server-7.0.0.CR1.jar:/home/kris/.m2/repository/org/jboss/as/jboss-as-controller/7.0.0.CR1/jboss-as-controller-7.0.0.CR1.jar:/home/kris/.m2/repository/org/jboss/modules/jboss-modules/1.0.0.CR4/jboss-modules-1.0.0.CR4.jar:/home/kris/.m2/repository/org/jboss/staxmapper/1.0.0.Beta4/staxmapper-1.0.0.Beta4.jar:/home/kris/.m2/repository/org/jboss/as/jboss-as-domain-http-api/7.0.0.CR1/jboss-as-domain-http-api-7.0.0.CR1.jar:/home/kris/.m2/repository/org/jboss/as/jboss-as-domain-management/7.0.0.CR1/jboss-as-domain-management-7.0.0.CR1.jar:/home/kris/.m2/repository/org/jboss/com/sun/httpserver/httpserver/1.0.0.Beta1/httpserver-1.0.0.Beta1.jar:/home/kris/.m2/repository/org/jboss/as/jboss-as-console/1.0.0.Beta13/jboss-as-console-1.0.0.Beta13-resources.jar:/home/kris/.m2/repository/com/google/code/gwt-log/gwt-log/3.1.0/gwt-log-3.1.0.jar:/home/kris/.m2/repository/com/mycila/com/google/inject/extensions/guice-assisted-inject/3.0-20100927/guice-assisted-inject-3.0-20100927.jar:/home/kris/.m2/repository/com/mycila/com/google/inject/guice/3.0-20100927/guice-3.0-20100927.jar:/home/kris/.m2/repository/aopalliance/aopalliance/1.0/aopalliance-1.0.jar:/home/kris/.m2/repository/org/jboss/as/jboss-as-deployment-repository/7.0.0.CR1/jboss-as-deployment-repository-7.0.0.CR1.jar:/home/kris/.m2/repository/org/jboss/jboss-vfs/3.0.1.GA/jboss-vfs-3.0.1.GA.jar:/home/kris/.m2/repository/org/jboss/as/jboss-as-embedded/7.0.0.CR1/jboss-as-embedded-7.0.0.CR1.jar:/home/kris/.m2/repository/org/jboss/jandex/1.0.0.Beta7/jandex-1.0.0.Beta7.jar:/home/kris/.m2/repository/org/jboss/as/jboss-as-process-controller/7.0.0.CR1/jboss-as-process-controller-7.0.0.CR1.jar:/usr/lib/jvm/java-6-sun-1.6.0.26/jre/../lib/tools.jar:/home/kris/.m2/repository/org/jboss/as/jboss-as-remoting/7.0.0.CR1/jboss-as-remoting-7.0.0.CR1.jar:/home/kris/.m2/repository/org/jboss/as/jboss-as-network/7.0.0.CR1/jboss-as-network-7.0.0.CR1.jar:/home/kris/.m2/repository/org/jboss/as/jboss-as-threads/7.0.0.CR1/jboss-as-threads-7.0.0.CR1.jar:/home/kris/.m2/repository/org/jboss/invocation/jboss-invocation/1.0.0.Beta6/jboss-invocation-1.0.0.Beta6.jar:/home/kris/.m2/repository/org/jboss/logmanager/jboss-logmanager-log4j/1.0.0.CR3/jboss-logmanager-log4j-1.0.0.CR3.jar:/home/kris/.m2/repository/org/jboss/stdio/jboss-stdio/1.0.0.CR3/jboss-stdio-1.0.0.CR3.jar:/home/kris/.m2/repository/org/osgi/org.osgi.core/4.2.0/org.osgi.core-4.2.0.jar:/home/kris/.m2/repository/org/jboss/as/jboss-as-arquillian-protocol-jmx/7.0.0.CR1/jboss-as-arquillian-protocol-jmx-7.0.0.CR1.jar:/home/kris/.m2/repository/org/jboss/as/jboss-as-osgi-service/7.0.0.CR1/jboss-as-osgi-service-7.0.0.CR1.jar:/home/kris/.m2/repository/org/jboss/osgi/deployment/jbosgi-deployment/1.0.10/jbosgi-deployment-1.0.10.jar:/home/kris/.m2/repository/org/jboss/osgi/framework/jbosgi-framework-core/1.0.0.CR6/jbosgi-framework-core-1.0.0.CR6.jar:/home/kris/.m2/repository/org/jboss/osgi/resolver/jbosgi-resolver-felix/1.0.9/jbosgi-resolver-felix-1.0.9.jar:/home/kris/.m2/repository/org/jboss/osgi/resolver/jbosgi-resolver-api/1.0.9/jbosgi-resolver-api-1.0.9.jar:/home/kris/.m2/repository/org/jboss/osgi/resolver/jbosgi-resolver-metadata/1.0.9/jbosgi-resolver-metadata-1.0.9.jar:/home/kris/.m2/repository/org/jboss/osgi/resolver/jbosgi-resolver-spi/1.0.9/jbosgi-resolver-spi-1.0.9.jar:/home/kris/.m2/repository/org/jboss/osgi/vfs/jbosgi-vfs30/1.0.6/jbosgi-vfs30-1.0.6.jar:/home/kris/.m2/repository/org/osgi/org.osgi.compendium/4.2.0/org.osgi.compendium-4.2.0.jar:/home/kris/.m2/repository/org/jboss/arquillian/protocol/arquillian-protocol-jmx/1.0.0.CR1/arquillian-protocol-jmx-1.0.0.CR1.jar:/home/kris/.m2/repository/org/jboss/marshalling/jboss-marshalling-river/1.3.0.CR8/jboss-marshalling-river-1.3.0.CR8.jar:"/>
    <property name="java.vm.specification.version" value="1.0"/>
    <property name="sun.arch.data.model" value="32"/>
    <property name="java.home" value="/usr/lib/jvm/java-6-sun-1.6.0.26/jre"/>
    <property name="sun.java.command" value="/tmp/surefirebooter7780358072019456693.jar /tmp/surefire5117098365616311861tmp /tmp/surefire1442558971764439551tmp"/>
    <property name="java.specification.vendor" value="Sun Microsystems Inc."/>
    <property name="user.language" value="en"/>
    <property name="java.vm.info" value="mixed mode"/>
    <property name="java.version" value="1.6.0_26"/>
    <property name="java.ext.dirs" value="/usr/lib/jvm/java-6-sun-1.6.0.26/jre/lib/ext:/usr/java/packages/lib/ext"/>
    <property name="sun.boot.class.path" value="/usr/lib/jvm/java-6-sun-1.6.0.26/jre/lib/resources.jar:/usr/lib/jvm/java-6-sun-1.6.0.26/jre/lib/rt.jar:/usr/lib/jvm/java-6-sun-1.6.0.26/jre/lib/sunrsasign.jar:/usr/lib/jvm/java-6-sun-1.6.0.26/jre/lib/jsse.jar:/usr/lib/jvm/java-6-sun-1.6.0.26/jre/lib/jce.jar:/usr/lib/jvm/java-6-sun-1.6.0.26/jre/lib/charsets.jar:/usr/lib/jvm/java-6-sun-1.6.0.26/jre/lib/modules/jdk.boot.jar:/usr/lib/jvm/java-6-sun-1.6.0.26/jre/classes"/>
    <property name="java.vendor" value="Sun Microsystems Inc."/>
    <property name="localRepository" value="/home/kris/.m2/repository"/>
    <property name="file.separator" value="/"/>
    <property name="java.vendor.url.bug" value="http://java.sun.com/cgi-bin/bugreport.cgi"/>
    <property name="sun.cpu.endian" value="little"/>
    <property name="sun.io.unicode.encoding" value="UnicodeLittle"/>
    <property name="sun.cpu.isalist" value=""/>
  </properties>
  <testcase time="0.052" classname="com.softberries.eklerk.test.CategoryTest" name="com.softberries.eklerk.test.CategoryTest">
    <error message="Arquillian has previously been attempted initialized, but failed. See cause for previous exception" type="java.lang.RuntimeException">java.lang.RuntimeException: Arquillian has previously been attempted initialized, but failed. See cause for previous exception
	at org.jboss.arquillian.junit.Arquillian.run(Arquillian.java:64)
	at org.apache.maven.surefire.junit4.JUnit4TestSet.execute(JUnit4TestSet.java:62)
	at org.apache.maven.surefire.suite.AbstractDirectoryTestSuite.executeTestSet(AbstractDirectoryTestSuite.java:140)
	at org.apache.maven.surefire.suite.AbstractDirectoryTestSuite.execute(AbstractDirectoryTestSuite.java:127)
	at org.apache.maven.surefire.Surefire.run(Surefire.java:177)
	at sun.reflect.NativeMethodAccessorImpl.invoke0(Native Method)
	at sun.reflect.NativeMethodAccessorImpl.invoke(NativeMethodAccessorImpl.java:39)
	at sun.reflect.DelegatingMethodAccessorImpl.invoke(DelegatingMethodAccessorImpl.java:25)
	at java.lang.reflect.Method.invoke(Method.java:597)
	at org.apache.maven.surefire.booter.SurefireBooter.runSuitesInProcess(SurefireBooter.java:345)
	at org.apache.maven.surefire.booter.SurefireBooter.main(SurefireBooter.java:1009)
Caused by: java.lang.IllegalStateException: Cannot obtain MBeanServerConnection to: service:jmx:rmi:///jndi/rmi://127.0.0.1:1090/jmxrmi
	at org.jboss.as.arquillian.container.MBeanServerConnectionProvider.getConnection(MBeanServerConnectionProvider.java:64)
	at org.jboss.as.arquillian.container.remote.RemoteDeployableContainer.getMBeanServerConnection(RemoteDeployableContainer.java:66)
	at org.jboss.as.arquillian.container.remote.RemoteDeployableContainer.startInternal(RemoteDeployableContainer.java:52)
	at org.jboss.as.arquillian.container.CommonDeployableContainer.start(CommonDeployableContainer.java:88)
	at org.jboss.arquillian.container.impl.client.container.ContainerLifecycleController$5.perform(ContainerLifecycleController.java:144)
	at org.jboss.arquillian.container.impl.client.container.ContainerLifecycleController$5.perform(ContainerLifecycleController.java:134)
	at org.jboss.arquillian.container.impl.client.container.ContainerLifecycleController.forContainer(ContainerLifecycleController.java:182)
	at org.jboss.arquillian.container.impl.client.container.ContainerLifecycleController.startContainer(ContainerLifecycleController.java:133)
	at sun.reflect.NativeMethodAccessorImpl.invoke0(Native Method)
	at sun.reflect.NativeMethodAccessorImpl.invoke(NativeMethodAccessorImpl.java:39)
	at sun.reflect.DelegatingMethodAccessorImpl.invoke(DelegatingMethodAccessorImpl.java:25)
	at java.lang.reflect.Method.invoke(Method.java:597)
	at org.jboss.arquillian.core.impl.ObserverImpl.invoke(ObserverImpl.java:90)
	at org.jboss.arquillian.core.impl.EventContextImpl.invokeObservers(EventContextImpl.java:99)
	at org.jboss.arquillian.core.impl.EventContextImpl.proceed(EventContextImpl.java:81)
	at org.jboss.arquillian.container.impl.client.ContainerDeploymentContextHandler.createContainerContext(ContainerDeploymentContextHandler.java:57)
	at sun.reflect.NativeMethodAccessorImpl.invoke0(Native Method)
	at sun.reflect.NativeMethodAccessorImpl.invoke(NativeMethodAccessorImpl.java:39)
	at sun.reflect.DelegatingMethodAccessorImpl.invoke(DelegatingMethodAccessorImpl.java:25)
	at java.lang.reflect.Method.invoke(Method.java:597)
	at org.jboss.arquillian.core.impl.ObserverImpl.invoke(ObserverImpl.java:90)
	at org.jboss.arquillian.core.impl.EventContextImpl.proceed(EventContextImpl.java:88)
	at org.jboss.arquillian.core.impl.ManagerImpl.fire(ManagerImpl.java:134)
	at org.jboss.arquillian.core.impl.ManagerImpl.fire(ManagerImpl.java:114)
	at org.jboss.arquillian.core.impl.EventImpl.fire(EventImpl.java:67)
	at org.jboss.arquillian.container.impl.client.container.ContainerLifecycleController$2.perform(ContainerLifecycleController.java:83)
	at org.jboss.arquillian.container.impl.client.container.ContainerLifecycleController$2.perform(ContainerLifecycleController.java:76)
	at org.jboss.arquillian.container.impl.client.container.ContainerLifecycleController.forEachContainer(ContainerLifecycleController.java:175)
	at org.jboss.arquillian.container.impl.client.container.ContainerLifecycleController.startContainers(ContainerLifecycleController.java:75)
	at sun.reflect.NativeMethodAccessorImpl.invoke0(Native Method)
	at sun.reflect.NativeMethodAccessorImpl.invoke(NativeMethodAccessorImpl.java:39)
	at sun.reflect.DelegatingMethodAccessorImpl.invoke(DelegatingMethodAccessorImpl.java:25)
	at java.lang.reflect.Method.invoke(Method.java:597)
	at org.jboss.arquillian.core.impl.ObserverImpl.invoke(ObserverImpl.java:90)
	at org.jboss.arquillian.core.impl.EventContextImpl.invokeObservers(EventContextImpl.java:99)
	at org.jboss.arquillian.core.impl.EventContextImpl.proceed(EventContextImpl.java:81)
	at org.jboss.arquillian.core.impl.ManagerImpl.fire(ManagerImpl.java:134)
	at org.jboss.arquillian.core.impl.ManagerImpl.fire(ManagerImpl.java:114)
	at org.jboss.arquillian.core.impl.EventImpl.fire(EventImpl.java:67)
	at org.jboss.arquillian.container.test.impl.client.ContainerEventController.execute(ContainerEventController.java:83)
	at sun.reflect.NativeMethodAccessorImpl.invoke0(Native Method)
	at sun.reflect.NativeMethodAccessorImpl.invoke(NativeMethodAccessorImpl.java:39)
	at sun.reflect.DelegatingMethodAccessorImpl.invoke(DelegatingMethodAccessorImpl.java:25)
	at java.lang.reflect.Method.invoke(Method.java:597)
	at org.jboss.arquillian.core.impl.ObserverImpl.invoke(ObserverImpl.java:90)
	at org.jboss.arquillian.core.impl.EventContextImpl.invokeObservers(EventContextImpl.java:99)
	at org.jboss.arquillian.core.impl.EventContextImpl.proceed(EventContextImpl.java:81)
	at org.jboss.arquillian.test.impl.TestContextHandler.createSuiteContext(TestContextHandler.java:54)
	at sun.reflect.NativeMethodAccessorImpl.invoke0(Native Method)
	at sun.reflect.NativeMethodAccessorImpl.invoke(NativeMethodAccessorImpl.java:39)
	at sun.reflect.DelegatingMethodAccessorImpl.invoke(DelegatingMethodAccessorImpl.java:25)
	at java.lang.reflect.Method.invoke(Method.java:597)
	at org.jboss.arquillian.core.impl.ObserverImpl.invoke(ObserverImpl.java:90)
	at org.jboss.arquillian.core.impl.EventContextImpl.proceed(EventContextImpl.java:88)
	at org.jboss.arquillian.core.impl.ManagerImpl.fire(ManagerImpl.java:134)
	at org.jboss.arquillian.core.impl.ManagerImpl.fire(ManagerImpl.java:114)
	at org.jboss.arquillian.test.impl.EventTestRunnerAdaptor.beforeSuite(EventTestRunnerAdaptor.java:68)
	at org.jboss.arquillian.junit.Arquillian.run(Arquillian.java:76)
	... 10 more
Caused by: java.io.IOException: Failed to retrieve RMIServer stub: javax.naming.ServiceUnavailableException [Root exception is java.rmi.ConnectException: Connection refused to host: 127.0.0.1; nested exception is: 
	java.net.ConnectException: Connection refused]
	at javax.management.remote.rmi.RMIConnector.connect(RMIConnector.java:340)
	at javax.management.remote.JMXConnectorFactory.connect(JMXConnectorFactory.java:248)
	at org.jboss.as.arquillian.container.MBeanServerConnectionProvider.getConnection(MBeanServerConnectionProvider.java:60)
	... 67 more
Caused by: javax.naming.ServiceUnavailableException [Root exception is java.rmi.ConnectException: Connection refused to host: 127.0.0.1; nested exception is: 
	java.net.ConnectException: Connection refused]
	at com.sun.jndi.rmi.registry.RegistryContext.lookup(RegistryContext.java:101)
	at com.sun.jndi.toolkit.url.GenericURLContext.lookup(GenericURLContext.java:185)
	at javax.naming.InitialContext.lookup(InitialContext.java:392)
	at javax.management.remote.rmi.RMIConnector.findRMIServerJNDI(RMIConnector.java:1888)
	at javax.management.remote.rmi.RMIConnector.findRMIServer(RMIConnector.java:1858)
	at javax.management.remote.rmi.RMIConnector.connect(RMIConnector.java:257)
	... 69 more
Caused by: java.rmi.ConnectException: Connection refused to host: 127.0.0.1; nested exception is: 
	java.net.ConnectException: Connection refused
	at sun.rmi.transport.tcp.TCPEndpoint.newSocket(TCPEndpoint.java:601)
	at sun.rmi.transport.tcp.TCPChannel.createConnection(TCPChannel.java:198)
	at sun.rmi.transport.tcp.TCPChannel.newConnection(TCPChannel.java:184)
	at sun.rmi.server.UnicastRef.newCall(UnicastRef.java:322)
	at sun.rmi.registry.RegistryImpl_Stub.lookup(Unknown Source)
	at com.sun.jndi.rmi.registry.RegistryContext.lookup(RegistryContext.java:97)
	... 74 more
Caused by: java.net.ConnectException: Connection refused
	at java.net.PlainSocketImpl.socketConnect(Native Method)
	at java.net.PlainSocketImpl.doConnect(PlainSocketImpl.java:351)
	at java.net.PlainSocketImpl.connectToAddress(PlainSocketImpl.java:213)
	at java.net.PlainSocketImpl.connect(PlainSocketImpl.java:200)
	at java.net.SocksSocketImpl.connect(SocksSocketImpl.java:366)
	at java.net.Socket.connect(Socket.java:529)
	at java.net.Socket.connect(Socket.java:478)
	at java.net.Socket.&lt;init&gt;(Socket.java:375)
	at java.net.Socket.&lt;init&gt;(Socket.java:189)
	at sun.rmi.transport.proxy.RMIDirectSocketFactory.createSocket(RMIDirectSocketFactory.java:22)
	at sun.rmi.transport.proxy.RMIMasterSocketFactory.createSocket(RMIMasterSocketFactory.java:128)
	at sun.rmi.transport.tcp.TCPEndpoint.newSocket(TCPEndpoint.java:595)
	... 79 more
</error>
  </testcase>
</testsuite>